<?xml version="1.0" encoding="UTF-8"?>
<!-- Generated by org.testng.reporters.JUnitReportReporter -->
<testsuite hostname="DESKTOP-C8CJIDH" failures="0" tests="3" name="rahul.shettyTestcases.HomePage" time="279.851" errors="0" timestamp="2021-07-30T19:51:45 IST" skipped="0">
  <testcase classname="rahul.shettyTestcases.HomePage" name="SignInPage" time="148.858"/>
  <system-out/>
  <testcase classname="rahul.shettyTestcases.HomePage" name="TitlepageValidation" time="47.023"/>
  <system-out/>
  <testcase classname="rahul.shettyTestcases.HomePage" name="log" time="83.970"/>
  <system-out/>
</testsuite> <!-- rahul.shettyTestcases.HomePage -->
