<?xml version="1.0" encoding="UTF-8"?>
<!-- Generated by org.testng.reporters.JUnitReportReporter -->
<testsuite hostname="DESKTOP-C8CJIDH" failures="0" tests="1" name="rahul.config.HomePage" time="67.413" errors="0" timestamp="2021-07-27T09:27:58 IST" skipped="0">
  <testcase classname="rahul.config.HomePage" name="HomePagNavigation" time="67.413"/>
  <system-out/>
</testsuite> <!-- rahul.config.HomePage -->
